Determining if the pthread_create exist failed with the following output:
Change Dir: /home/kapil/froyg/thittam/CMakeFiles/CMakeTmp

Run Build Command:"/usr/bin/gmake" "cmTC_80dfa/fast"
/usr/bin/gmake -f CMakeFiles/cmTC_80dfa.dir/build.make CMakeFiles/cmTC_80dfa.dir/build
gmake[1]: Entering directory '/home/kapil/froyg/thittam/CMakeFiles/CMakeTmp'
Building C object CMakeFiles/cmTC_80dfa.dir/CheckSymbolExists.c.o
/usr/bin/cc    -o CMakeFiles/cmTC_80dfa.dir/CheckSymbolExists.c.o   -c /home/kapil/froyg/thittam/CMakeFiles/CMakeTmp/CheckSymbolExists.c
Linking C executable cmTC_80dfa
/usr/bin/cmake -E cmake_link_script CMakeFiles/cmTC_80dfa.dir/link.txt --verbose=1
/usr/bin/cc      -rdynamic CMakeFiles/cmTC_80dfa.dir/CheckSymbolExists.c.o  -o cmTC_80dfa 
CMakeFiles/cmTC_80dfa.dir/CheckSymbolExists.c.o: In function `main':
CheckSymbolExists.c:(.text+0x16): undefined reference to `pthread_create'
collect2: error: ld returned 1 exit status
gmake[1]: *** [CMakeFiles/cmTC_80dfa.dir/build.make:98: cmTC_80dfa] Error 1
gmake[1]: Leaving directory '/home/kapil/froyg/thittam/CMakeFiles/CMakeTmp'
gmake: *** [Makefile:126: cmTC_80dfa/fast] Error 2

File /home/kapil/froyg/thittam/CMakeFiles/CMakeTmp/CheckSymbolExists.c:
/* */
#include <pthread.h>

int main(int argc, char** argv)
{
  (void)argv;
#ifndef pthread_create
  return ((int*)(&pthread_create))[argc];
#else
  (void)argc;
  return 0;
#endif
}

Determining if the function pthread_create exists in the pthreads failed with the following output:
Change Dir: /home/kapil/froyg/thittam/CMakeFiles/CMakeTmp

Run Build Command:"/usr/bin/gmake" "cmTC_3be05/fast"
/usr/bin/gmake -f CMakeFiles/cmTC_3be05.dir/build.make CMakeFiles/cmTC_3be05.dir/build
gmake[1]: Entering directory '/home/kapil/froyg/thittam/CMakeFiles/CMakeTmp'
Building C object CMakeFiles/cmTC_3be05.dir/CheckFunctionExists.c.o
/usr/bin/cc   -DCHECK_FUNCTION_EXISTS=pthread_create   -o CMakeFiles/cmTC_3be05.dir/CheckFunctionExists.c.o   -c /usr/share/cmake/Modules/CheckFunctionExists.c
Linking C executable cmTC_3be05
/usr/bin/cmake -E cmake_link_script CMakeFiles/cmTC_3be05.dir/link.txt --verbose=1
/usr/bin/cc  -DCHECK_FUNCTION_EXISTS=pthread_create    -rdynamic CMakeFiles/cmTC_3be05.dir/CheckFunctionExists.c.o  -o cmTC_3be05 -lpthreads 
/usr/bin/ld: cannot find -lpthreads
collect2: error: ld returned 1 exit status
gmake[1]: *** [CMakeFiles/cmTC_3be05.dir/build.make:98: cmTC_3be05] Error 1
gmake[1]: Leaving directory '/home/kapil/froyg/thittam/CMakeFiles/CMakeTmp'
gmake: *** [Makefile:126: cmTC_3be05/fast] Error 2


